{"C:\\HomeWorks\\HomeWorks\\unit2\\src\\matchers.js": {"path":"C:\\HomeWorks\\HomeWorks\\unit2\\src\\matchers.js","statementMap":{"0":{"start":{"line":2,"column":1},"end":{"line":2,"column":59}},"1":{"start":{"line":2,"column":28},"end":{"line":2,"column":56}}},"fnMap":{"0":{"name":"sortByHealth","decl":{"start":{"line":1,"column":24},"end":{"line":1,"column":36}},"loc":{"start":{"line":1,"column":42},"end":{"line":3,"column":1}},"line":1},"1":{"name":"(anonymous_1)","decl":{"start":{"line":2,"column":17},"end":{"line":2,"column":18}},"loc":{"start":{"line":2,"column":28},"end":{"line":2,"column":56}},"line":2}},"branchMap":{"0":{"loc":{"start":{"line":2,"column":28},"end":{"line":2,"column":56}},"type":"cond-expr","locations":[{"start":{"line":2,"column":50},"end":{"line":2,"column":52}},{"start":{"line":2,"column":55},"end":{"line":2,"column":56}}],"line":2}},"s":{"0":1,"1":4},"f":{"0":1,"1":4},"b":{"0":[2,2]},"_coverageSchema":"1a1c01bbd47fc00a2c39e90264f33305004495a9","hash":"61b2c706d3bb2e0b0ca47194f0400a015fb40685"}
}
